<?xml version="1.0" encoding="UTF-8"?>
<!-- Generated by org.testng.reporters.JUnitReportReporter -->
<testsuite hostname="Dell" name="NaukriTestSuite.NaukriLoginTest" tests="1" failures="0" timestamp="5 Apr 2017 13:44:09 GMT" time="14.362" errors="0">
  <testcase name="f" time="14.362" classname="NaukriTestSuite.NaukriLoginTest"/>
</testsuite> <!-- NaukriTestSuite.NaukriLoginTest -->
